10:14:49.496 [main] INFO  TestCases.TC_001_automation_test_case - **** TC_001_automation_test_case *****
10:14:51.945 [main] INFO  TestCases.TC_001_automation_test_case -  clikecd in my link
10:14:54.073 [main] INFO  TestCases.TC_001_automation_test_case - validating expected massaige
10:29:35.452 [main] INFO  TestCases.TC_001_automation_test_case - **** TC_001_automation_test_case *****
10:29:37.805 [main] INFO  TestCases.TC_001_automation_test_case -  clikecd in my link
10:29:40.032 [main] INFO  TestCases.TC_001_automation_test_case - validating expected massaige
10:30:02.703 [main] INFO  TestCases.TC_001_automation_test_case - **** TC_001_automation_test_case *****
10:30:05.917 [main] INFO  TestCases.TC_001_automation_test_case -  clikecd in my link
10:30:11.810 [main] INFO  TestCases.TC_001_automation_test_case - validating expected massaige
12:19:40.247 [main] INFO  TestCases.TC_001_automation_test_case - **** TC_001_automation_test_case *****
12:19:41.945 [main] INFO  TestCases.TC_001_automation_test_case -  clikecd in my link
12:19:43.920 [main] INFO  TestCases.TC_001_automation_test_case - validating expected massaige
12:22:47.520 [main] INFO  TestCases.TC_001_automation_test_case - **** TC_001_automation_test_case *****
12:22:49.249 [main] INFO  TestCases.TC_001_automation_test_case -  clikecd in my link
12:22:51.228 [main] INFO  TestCases.TC_001_automation_test_case - validating expected massaige
12:24:42.609 [main] INFO  TestCases.TC_001_automation_test_case - **** TC_001_automation_test_case *****
12:24:44.379 [main] INFO  TestCases.TC_001_automation_test_case -  clikecd in my link
12:24:51.360 [main] INFO  TestCases.TC_001_automation_test_case - validating expected massaige
12:25:44.287 [main] INFO  TestCases.TC_001_automation_test_case - **** TC_001_automation_test_case *****
12:25:46.044 [main] INFO  TestCases.TC_001_automation_test_case -  clikecd in my link
12:25:53.026 [main] INFO  TestCases.TC_001_automation_test_case - validating expected massaige
12:27:13.981 [main] INFO  TestCases.TC_001_automation_test_case - **** TC_001_automation_test_case *****
12:27:16.195 [main] INFO  TestCases.TC_001_automation_test_case -  clikecd in my link
12:27:23.566 [main] INFO  TestCases.TC_001_automation_test_case - validating expected massaige
12:28:22.609 [main] INFO  TestCases.TC_001_automation_test_case - **** TC_001_automation_test_case *****
12:28:24.485 [main] INFO  TestCases.TC_001_automation_test_case -  clikecd in my link
12:28:27.282 [main] INFO  TestCases.TC_001_automation_test_case - validating expected massaige
12:30:24.976 [main] INFO  TestCases.TC_001_automation_test_case - **** TC_001_automation_test_case *****
12:30:26.848 [main] INFO  TestCases.TC_001_automation_test_case -  clikecd in my link
12:30:28.837 [main] INFO  TestCases.TC_001_automation_test_case - validating expected massaige
13:35:52.214 [main] INFO  TestCases.TC_001_automation_test_case - **** TC_001_automation_test_case *****
13:35:53.680 [main] INFO  TestCases.TC_001_automation_test_case -  clikecd in my link
13:35:55.651 [main] INFO  TestCases.TC_001_automation_test_case - validating expected massaige
13:38:24.712 [main] INFO  TestCases.TC_001_automation_test_case - **** TC_001_automation_test_case *****
13:38:25.979 [main] INFO  TestCases.TC_001_automation_test_case -  clikecd in my link
13:38:27.960 [main] INFO  TestCases.TC_001_automation_test_case - validating expected massaige
13:40:02.064 [main] INFO  TestCases.TC_001_automation_test_case - **** TC_001_automation_test_case *****
13:40:04.390 [main] INFO  TestCases.TC_001_automation_test_case -  clikecd in my link
13:40:06.345 [main] INFO  TestCases.TC_001_automation_test_case - validating expected massaige
14:34:53.749 [main] INFO  TestCases.TC_001_automation_test_case - **** TC_001_automation_test_case *****
14:34:55.182 [main] INFO  TestCases.TC_001_automation_test_case -  clikecd in my link
14:34:57.018 [main] INFO  TestCases.TC_001_automation_test_case - validating expected massaige
16:03:12.252 [main] INFO  TestCases.TC_001_automation_test_case - **** TC_001_automation_test_case *****
16:03:14.047 [main] INFO  TestCases.TC_001_automation_test_case -  clikecd in my link
16:03:15.943 [main] INFO  TestCases.TC_001_automation_test_case - validating expected massaige
16:31:56.571 [main] INFO  TestCases.TC_001_automation_test_case - **** TC_001_automation_test_case *****
16:31:58.298 [main] INFO  TestCases.TC_001_automation_test_case -  clikecd in my link
16:32:00.246 [main] INFO  TestCases.TC_001_automation_test_case - validating expected massaige
17:07:16.532 [main] INFO  TestCases.TC_001_automation_test_case - **** TC_001_automation_test_case *****
17:07:18.226 [main] INFO  TestCases.TC_001_automation_test_case -  clikecd in my link
17:07:20.186 [main] INFO  TestCases.TC_001_automation_test_case - validating expected massaige
17:10:17.344 [main] INFO  TestCases.TC_001_automation_test_case - **** TC_001_automation_test_case *****
17:10:19.198 [main] INFO  TestCases.TC_001_automation_test_case -  clikecd in my link
17:10:21.180 [main] INFO  TestCases.TC_001_automation_test_case - validating expected massaige
17:28:02.759 [main] INFO  TestCases.TC_001_automation_test_case - **** TC_001_automation_test_case *****
17:28:04.735 [main] INFO  TestCases.TC_001_automation_test_case -  clikecd in my link
17:28:06.671 [main] INFO  TestCases.TC_001_automation_test_case - validating expected massaige
19:17:21.044 [main] INFO  TestCases.TC_001_automation_test_case - **** TC_001_automation_test_case *****
19:17:22.206 [main] INFO  TestCases.TC_001_automation_test_case -  clikecd in my link
19:17:24.152 [main] INFO  TestCases.TC_001_automation_test_case - validating expected massaige
19:28:57.151 [main] INFO  TestCases.TC_001_automation_test_case - **** TC_001_automation_test_case *****
19:28:58.880 [main] INFO  TestCases.TC_001_automation_test_case -  clikecd in my link
19:29:00.819 [main] INFO  TestCases.TC_001_automation_test_case - validating expected massaige
19:31:58.308 [main] INFO  TestCases.TC_001_automation_test_case - **** TC_001_automation_test_case *****
19:32:00.087 [main] INFO  TestCases.TC_001_automation_test_case -  clikecd in my link
19:32:03.149 [main] INFO  TestCases.TC_001_automation_test_case - validating expected massaige
19:36:32.565 [main] INFO  TestCases.TC_001_automation_test_case - **** TC_001_automation_test_case *****
19:36:34.324 [main] INFO  TestCases.TC_001_automation_test_case -  clikecd in my link
19:36:36.168 [main] INFO  TestCases.TC_001_automation_test_case - validating expected massaige
21:57:40.471 [main] INFO  TestCases.TC_001_automation_test_case - **** TC_001_automation_test_case *****
21:57:42.414 [main] INFO  TestCases.TC_001_automation_test_case -  clikecd in my link
21:57:44.738 [main] INFO  TestCases.TC_001_automation_test_case - validating expected massaige
15:44:32.872 [main] INFO  TestCases.TC_001_automation_test_case - **** TC_001_automation_test_case *****
15:44:34.327 [main] INFO  TestCases.TC_001_automation_test_case -  clikecd in my link
15:44:36.178 [main] INFO  TestCases.TC_001_automation_test_case - validating expected massaige
19:16:29.786 [main] INFO  TestCases.TC_001_automation_test_case - **** TC_001_automation_test_case *****
19:16:31.840 [main] INFO  TestCases.TC_001_automation_test_case -  clikecd in my link
19:16:34.075 [main] INFO  TestCases.TC_001_automation_test_case - validating expected massaige
19:18:54.574 [main] INFO  TestCases.TC_001_automation_test_case - **** TC_001_automation_test_case *****
19:18:56.709 [main] INFO  TestCases.TC_001_automation_test_case -  clikecd in my link
19:19:13.555 [main] INFO  TestCases.TC_001_automation_test_case - validating expected massaige
19:19:47.729 [main] INFO  TestCases.TC_001_automation_test_case - **** TC_001_automation_test_case *****
19:19:49.497 [main] INFO  TestCases.TC_001_automation_test_case -  clikecd in my link
19:20:06.131 [main] INFO  TestCases.TC_001_automation_test_case - validating expected massaige
19:40:01.767 [main] INFO  TestCases.TC_002_automation_Test - ***** Strating TC_002_LoginTest*****
19:40:05.122 [main] INFO  TestCases.TC_002_automation_Test - *****get report from login page******
19:40:05.188 [main] INFO  TestCases.TC_002_automation_Test - ***** Finished TC_002_LoginTest ******
